C251 COMPILER V5.60.0,  host                                                               04/05/23  22:14:09  PAGE 1   


C251 COMPILER V5.60.0, COMPILATION OF MODULE host
OBJECT MODULE PLACED IN .\Out_File\host.obj
COMPILER INVOKED BY: D:\Keil_v5\C251\BIN\C251.EXE ..\CODE\host.c XSMALL INTR2 WARNINGLEVEL(3) BROWSE INCDIR(..\..\Librar
                    -ies\libraries;..\..\Libraries\seekfree_libraries;..\..\Libraries\seekfree_peripheral;..\CODE;..\USER\inc;..\USER\src) DE
                    -BUG PRINT(.\Out_File\host.lst) TABS(2) OBJECT(.\Out_File\host.obj) 

stmt  level    source

    1          #include "host.h"
    2          
    3          
    4          
    5          //uint8 inf[20] = {0xAA, 0x05, 0xAF, 0xF1, 0x08};
    6          //void send_four_data(uint8 frame, int16 num1, int16 num2, int16 num3, int16 num4)
    7          //{
    8          //  uint8 t;
    9          //  uint8 sum = 0;
   10          //  inf[3] = frame;
   11          
   12          //  inf[5] = num1 >> 8;
   13          //  inf[7] = num2 >> 8;
   14          //  inf[9] = num3 >> 8;
   15          //  inf[11] = num4 >> 8;
   16          ////  memcpy(inf + 6, &num1, 1);
   17          ////  memcpy(inf + 8, &num2, 1);
   18          ////  memcpy(inf + 10, &num3, 1);
   19          ////  memcpy(inf + 12, &num4, 1);
   20          //  inf[6]=num1&0x00FF;
   21          //  inf[8]=num2&0x00FF;
   22          //  inf[10]=num3&0x00FF;
   23          //  inf[12]=num4&0x00FF;
   24          //  for (t = 0; t < 13; t++)
   25          //  {
   26          //    sum += inf[t];
   27          //    uart_putchar(T_UART, inf[t]);
   28          
   29          //  }
   30          //  uart_putchar(T_UART, sum); //发送校验和
   31          
   32          //}
   33          
   34          
   35          void send_five_data(uint8 frame, int16 num1, int16 num2 ,int16 num3 ,int16 num4 ,int16 num5) //发送五个16
             -位数据
   36          {
   37   1        uint8 i;
   38   1        uint8 sumcheck = 0;     //和校验
   39   1        uint8 addcheck = 0;     //附加校验
   40   1        uint8 data_buf[20];   //数据缓冲区
   41   1        
   42   1        //帧头//
   43   1        data_buf[0] = 0xAA;
   44   1        data_buf[1] = 0xFF;
   45   1        data_buf[2] = frame;
   46   1        data_buf[3] = 0x0A;//2+2+2+2+2
   47   1        
   48   1        //数据//
   49   1        data_buf[4] = num1& 0xFF;
   50   1        data_buf[6] = num2 & 0xFF;
   51   1        data_buf[8] = num3 & 0xFF;
   52   1        data_buf[10] = num4 & 0xFF;
   53   1        data_buf[12] = num5 & 0xFF;
   54   1        
   55   1        data_buf[5] = num1  >> 8;
   56   1        data_buf[7] = num2 >> 8;
C251 COMPILER V5.60.0,  host                                                               04/05/23  22:14:09  PAGE 2   

   57   1        data_buf[9] = num3 >> 8;
   58   1        data_buf[11] = num4 >> 8;
   59   1        data_buf[13] = num5 >> 8;
   60   1        
   61   1        //校验位//
   62   1        for( i=0; i < (data_buf[3]+4); i++)
   63   1        {
   64   2          sumcheck += data_buf[i]; //从帧头开始，对每一字节进行求和，直到DATA区结束
   65   2          addcheck += sumcheck;    //每一字节的求和操作，进行一次sumcheck的累加
   66   2        }
   67   1        data_buf[14] = sumcheck;
   68   1        data_buf[15] = addcheck;
   69   1        
   70   1        //数据发送至上位机//
   71   1        for (i = 0;i < 16; i++)
   72   1        uart_putchar(UART_1, data_buf[i]);
   73   1        
   74   1      }
   75            
   76          
   77          
   78          


Module Information          Static   Overlayable
------------------------------------------------
  code size            =       147     ------
  ecode size           =    ------     ------
  data size            =    ------     ------
  idata size           =    ------     ------
  pdata size           =    ------     ------
  xdata size           =    ------     ------
  xdata-const size     =    ------     ------
  edata size           =    ------         22
  bit size             =    ------     ------
  ebit size            =    ------     ------
  bitaddressable size  =    ------     ------
  ebitaddressable size =    ------     ------
  far data size        =    ------     ------
  huge data size       =    ------     ------
  const size           =    ------     ------
  hconst size          =    ------     ------
End of Module Information.


C251 COMPILATION COMPLETE.  0 WARNING(S),  0 ERROR(S)
