C251 COMPILER V5.60.0,  isr                                                                09/05/23  22:12:14  PAGE 1   


C251 COMPILER V5.60.0, COMPILATION OF MODULE isr
OBJECT MODULE PLACED IN .\Out_File\isr.obj
COMPILER INVOKED BY: D:\Keil_v5\C251\BIN\C251.EXE ..\USER\src\isr.c XSMALL INTR2 WARNINGLEVEL(3) BROWSE INCDIR(..\..\Lib
                    -raries\libraries;..\..\Libraries\seekfree_libraries;..\..\Libraries\seekfree_peripheral;..\CODE;..\USER\inc;..\USER\src)
                    - DEBUG PRINT(.\Out_File\isr.lst) TABS(2) OBJECT(.\Out_File\isr.obj) 

stmt  level    source

    1          ///******************************************************************************************************
             -***************
    2          // * COPYRIGHT NOTICE
    3          // * Copyright (c) 2020,逐飞科技
    4          // * All rights reserved.
    5          // * 技术讨论QQ群：一群：179029047(已满)  二群：244861897(已满)  三群：824575535
    6          // *
    7          // * 以下所有内容版权均属逐飞科技所有，未经允许不得用于商业用途，
    8          // * 欢迎各位使用并传播本程序，修改内容时必须保留逐飞科技的版权声明。
    9          // *
   10          // * @file          isr
   11          // * @company       成都逐飞科技有限公司
   12          // * @author        逐飞科技(QQ790875685)
   13          // * @version       查看doc内version文件 版本说明
   14          // * @Software      MDK FOR C251 V5.60
   15          // * @Target core   STC32G12K128
   16          // * @Taobao        https://seekfree.taobao.com/
   17          // * @date          2020-4-14
   18          // ******************************************************************************************************
             -**************/
   19          #include "headfile.h"
   20          
   21          //UART1中断
   22          void UART1_Isr() interrupt 4
   23          {
   24   1          uint8 res;
   25   1        static uint8 dwon_count;
   26   1          if(UART1_GET_TX_FLAG)
   27   1          {
   28   2              UART1_CLEAR_TX_FLAG;
   29   2              busy[1] = 0;
   30   2          }
   31   1          if(UART1_GET_RX_FLAG)
   32   1          {
   33   2              UART1_CLEAR_RX_FLAG;
   34   2              res = SBUF;
   35   2              //程序自动下载
   36   2              if(res == 0x7F)
   37   2              {
   38   3                  if(dwon_count++ > 20)
   39   3                      IAP_CONTR = 0x60;
   40   3              }
   41   2              else
   42   2              {
   43   3                  dwon_count = 0;
   44   3              }
   45   2          }
   46   1      }
   47          
   48          //UART2中断
   49          void UART2_Isr() interrupt 8
   50          {
   51   1          if(UART2_GET_TX_FLAG)
   52   1        {
   53   2              UART2_CLEAR_TX_FLAG;
   54   2          busy[2] = 0;
   55   2        }
C251 COMPILER V5.60.0,  isr                                                                09/05/23  22:12:14  PAGE 2   

   56   1          if(UART2_GET_RX_FLAG)
   57   1        {
   58   2              UART2_CLEAR_RX_FLAG;
   59   2          //接收数据寄存器为：S2BUF
   60   2      
   61   2        }
   62   1      }
   63          
   64          
   65          //UART3中断
   66          void UART3_Isr() interrupt 17
   67          {
   68   1          if(UART3_GET_TX_FLAG)
   69   1        {
   70   2              UART3_CLEAR_TX_FLAG;
   71   2          busy[3] = 0;
   72   2        }
   73   1          if(UART3_GET_RX_FLAG)
   74   1        {
   75   2              UART3_CLEAR_RX_FLAG;
   76   2          //接收数据寄存器为：S3BUF
   77   2      
   78   2        }
   79   1      }
   80          
   81          
   82          //UART4中断
   83          void UART4_Isr() interrupt 18
   84          {
   85   1          if(UART4_GET_TX_FLAG)
   86   1        {
   87   2              UART4_CLEAR_TX_FLAG;
   88   2          busy[4] = 0;
   89   2        }
   90   1          if(UART4_GET_RX_FLAG)
   91   1        {
   92   2              UART4_CLEAR_RX_FLAG;
   93   2      
   94   2          //接收数据寄存器为：S4BUF;
   95   2          if(wireless_type == WIRELESS_SI24R1)
   96   2              {
   97   3                  wireless_uart_callback();           //无线转串口回调函数
   98   3              }
   99   2              else if(wireless_type == WIRELESS_CH9141)
  100   2              {
  101   3                  bluetooth_ch9141_uart_callback();   //蓝牙转串口回调函数
  102   3              }
  103   2              else if(wireless_type == WIRELESS_CH573)
  104   2              {
  105   3                  wireless_ch573_callback();          //CH573无线模块回调函数
  106   3              }
  107   2        }
  108   1      }
  109          
  110          #define LED P52
*** WARNING C317 IN LINE 110 OF ..\USER\src\isr.c: attempt to redefine macro 'LED'
  111          void INT0_Isr() interrupt 0
  112          {
  113   1        LED = 0;  //点亮LED
  114   1      }
  115          void INT1_Isr() interrupt 2
  116          {
  117   1      
  118   1      }
  119          void INT2_Isr() interrupt 10
  120          {
C251 COMPILER V5.60.0,  isr                                                                09/05/23  22:12:14  PAGE 3   

  121   1        INT2_CLEAR_FLAG;  //清除中断标志
  122   1      }
  123          void INT3_Isr() interrupt 11
  124          {
  125   1        INT3_CLEAR_FLAG;  //清除中断标志
  126   1      }
  127          
  128          void INT4_Isr() interrupt 16
  129          {
  130   1        INT4_CLEAR_FLAG;  //清除中断标志
  131   1      }
  132          
  133          void TM0_Isr() interrupt 1
  134          {
  135   1        Read_Adc_Value();
  136   1        ADC_error_processing(1, 0, 0);
  137   1        ADC_error_window_filtering();
  138   1        ADC_error_weight_filtering();
  139   1        
  140   1      }
  141          void TM1_Isr() interrupt 3
  142          {
  143   1      
  144   1      }
  145          void TM2_Isr() interrupt 12
  146          {
  147   1        TIM2_CLEAR_FLAG;  //清除中断标志
  148   1        
  149   1      }
  150          void TM3_Isr() interrupt 19
  151          {
  152   1        TIM3_CLEAR_FLAG; //清除中断标志
  153   1      
  154   1      
  155   1      }
  156          
  157          void TM4_Isr() interrupt 20    //函数
  158          {
  159   1        TIM4_CLEAR_FLAG; //清除中断标志
  160   1      /*****************************************/ 
  161   1        if(adc1 <1000 && adc2 <1000 && adc3 <1000 && adc4 <1000)
  162   1          order_speed = 0;
  163   1      
  164   1        
  165   1        Dir_judge_flag = Direct_judge();
  166   1        switch (Dir_judge_flag)
  167   1        {
  168   2          case(0)://直道
  169   2      //      order_angle = Correct_Angle(80,10,0);
  170   2            order_angle = Dev_Tolerant_Correc_Ang(1, 200, 0, 12, 60, 0, 5, 105, 0);
  171   2            order_speed = 2500;
  172   2            angle_limit = 100;
  173   2          break;
  174   2          
  175   2          case(1)://左弯道
  176   2      //      order_angle = Correct_Angle(150,0,0);
  177   2            order_angle = Dev_Tolerant_Correc_Ang(1, 110, 0, 10, 75, 0, 0, 150, 0);
  178   2            order_speed = 2450;
  179   2            angle_limit = 100;
  180   2          break;
  181   2          
  182   2          case(2)://右弯道
  183   2      //      order_angle = Correct_Angle(150,0,0);
  184   2            order_angle = Dev_Tolerant_Correc_Ang(1, 110, 0, 10, 75, 0, 0, 150, 0);
  185   2            order_speed = 2450;
  186   2            angle_limit = 100;
C251 COMPILER V5.60.0,  isr                                                                09/05/23  22:12:14  PAGE 4   

  187   2          break;
  188   2          
  189   2          case(8)://左转弯过渡
  190   2      //      order_angle = Correct_Angle(150,0,0);
  191   2            order_angle = Dev_Tolerant_Correc_Ang(1, 140, 0, 16, 18, 0, 2, 150, 0);
  192   2            order_speed = 2550;
  193   2            angle_limit = 100;
  194   2          break;
  195   2          
  196   2          case(9)://右转弯过渡
  197   2      //      order_angle = Correct_Angle(150,0,0);
  198   2            order_angle = Dev_Tolerant_Correc_Ang(1, 140, 0, 16, 18, 0, 2, 150, 0);
  199   2            order_speed = 2550;
  200   2            angle_limit = 100;
  201   2          break;
  202   2          
  203   2          case(3)://左环岛
  204   2            Roundabout_flag_L = 1;
  205   2          break;
  206   2          
  207   2          case(4)://右环岛
  208   2            Roundabout_flag_R = 1;
  209   2          break;
  210   2            
  211   2        }
  212   1        
  213   1        
  214   1      }
  215          
  216          //void  INT0_Isr()  interrupt 0;
  217          //void  TM0_Isr()   interrupt 1;
  218          //void  INT1_Isr()  interrupt 2;
  219          //void  TM1_Isr()   interrupt 3;
  220          //void  UART1_Isr() interrupt 4;
  221          //void  ADC_Isr()   interrupt 5;
  222          //void  LVD_Isr()   interrupt 6;
  223          //void  PCA_Isr()   interrupt 7;
  224          //void  UART2_Isr() interrupt 8;
  225          //void  SPI_Isr()   interrupt 9;
  226          //void  INT2_Isr()  interrupt 10;
  227          //void  INT3_Isr()  interrupt 11;
  228          //void  TM2_Isr()   interrupt 12;
  229          //void  INT4_Isr()  interrupt 16;
  230          //void  UART3_Isr() interrupt 17;
  231          //void  UART4_Isr() interrupt 18;
  232          //void  TM3_Isr()   interrupt 19;
  233          //void  TM4_Isr()   interrupt 20;
  234          //void  CMP_Isr()   interrupt 21;
  235          //void  I2C_Isr()   interrupt 24;
  236          //void  USB_Isr()   interrupt 25;
  237          //void  PWM1_Isr()  interrupt 26;
  238          //void  PWM2_Isr()  interrupt 27;


Module Information          Static   Overlayable
------------------------------------------------
  code size            =       927     ------
  ecode size           =    ------     ------
  data size            =    ------     ------
  idata size           =    ------     ------
  pdata size           =    ------     ------
  xdata size           =    ------     ------
  xdata-const size     =    ------     ------
  edata size           =         1     ------
  bit size             =    ------     ------
  ebit size            =    ------     ------
  bitaddressable size  =    ------     ------
C251 COMPILER V5.60.0,  isr                                                                09/05/23  22:12:14  PAGE 5   

  ebitaddressable size =    ------     ------
  far data size        =    ------     ------
  huge data size       =    ------     ------
  const size           =    ------     ------
  hconst size          =    ------     ------
End of Module Information.


C251 COMPILATION COMPLETE.  1 WARNING(S),  0 ERROR(S)
