C251 COMPILER V5.60.0,  oled                                                               01/05/23  19:19:56  PAGE 1   


C251 COMPILER V5.60.0, COMPILATION OF MODULE oled
OBJECT MODULE PLACED IN .\Out_File\oled.obj
COMPILER INVOKED BY: D:\Keil_v5\C251\BIN\C251.EXE ..\CODE\oled.c XSMALL INTR2 WARNINGLEVEL(3) BROWSE INCDIR(..\..\Librar
                    -ies\libraries;..\..\Libraries\seekfree_libraries;..\..\Libraries\seekfree_peripheral;..\CODE;..\USER\inc;..\USER\src) DE
                    -BUG PRINT(.\Out_File\oled.lst) TABS(2) OBJECT(.\Out_File\oled.obj) 

stmt  level    source

    1          //////////////////////////////////////////////////////////////////////////////////   
    2          //本程序只供学习使用，未经作者许可，不得用于其它任何用途
    3          //中景园电子
    4          //店铺地址：http://shop73023976.taobao.com/?spm=2013.1.0.0.M4PqC2
    5          //
    6          //  文 件 名   : main.c
    7          //  版 本 号   : v2.0
    8          //  作    者   : HuangKai
    9          //  生成日期   : 2014-0101
   10          //  最近修改   : 
   11          //  功能描述   : OLED 4接口演示例程(51系列)
   12          //              说明: 
   13          //              ----------------------------------------------------------------
   14          //              GND    电源地
   15          //              VCC  接5V或3.3v电源
   16          //              D0   P1^0（SCL）
   17          //              D1   P1^1（SDA）
   18          //              RES  接P12
   19          //              DC   接P13
   20          //              CS   接P14               
   21          //              ----------------------------------------------------------------
   22          // 修改历史   :
   23          // 日    期   : 
   24          // 作    者   : HuangKai
   25          // 修改内容   : 创建文件
   26          //版权所有，盗版必究。
   27          //Copyright(C) 中景园电子2014/3/16
   28          //All rights reserved
   29          //******************************************************************************/。
   30          #include "oled.h"
   31          //#include "stdlib.h"
   32          #include "oledfont.h"    
   33          //#include "delay.h"
   34          //OLED的显存
   35          //存放格式如下.
   36          //[0]0 1 2 3 ... 127  
   37          //[1]0 1 2 3 ... 127  
   38          //[2]0 1 2 3 ... 127  
   39          //[3]0 1 2 3 ... 127  
   40          //[4]0 1 2 3 ... 127  
   41          //[5]0 1 2 3 ... 127  
   42          //[6]0 1 2 3 ... 127  
   43          //[7]0 1 2 3 ... 127    
   44          
   45          
   46          volatile uint8 show_mode=0; //0:正常显示  1：反色显示
   47          
   48          
   49          
   50          
   51          //void delay_ms(unsigned int ms)
   52          //{                         
   53          //  unsigned int a;
   54          //  while(ms)
   55          //  {
   56          //    a=1800;
   57          //    while(a--);
C251 COMPILER V5.60.0,  oled                                                               01/05/23  19:19:56  PAGE 2   

   58          //    ms--;
   59          //  }
   60          //  return;
   61          //}
   62          #if OLED_MODE==1
               //向SSD1106写入一个字节。
               //dat:要写入的数据/命令
               //cmd:数据/命令标志 0,表示命令;1,表示数据;
               void OLED_WR_Byte(u8 dat,u8 cmd)
               {
                 DATAOUT(dat);     
                 if(cmd)
                   OLED_DC_Set();
                 else 
                   OLED_DC_Clr();       
                 OLED_CS_Clr();
                 OLED_WR_Clr();   
                 OLED_WR_Set();
                 OLED_CS_Set();    
                 OLED_DC_Set();   
               }             
               #else
   80          //向SSD1306写入一个字节。
   81          //dat:要写入的数据/命令
   82          //cmd:数据/命令标志 0,表示命令;1,表示数据;
   83          void OLED_WR_Byte(u8 dat,u8 cmd)
   84          { 
   85   1        u8 i;       
   86   1        if(cmd)//数据
   87   1        {
   88   2          OLED_DC_Set();  
   89   2          OLED_CS_Clr();
   90   2          for(i=0;i<8;i++)
   91   2          {       
   92   3            OLED_SCLK_Clr();
   93   3            if(show_mode) //反色显示
   94   3            {
   95   4              if(dat&0x80)
   96   4                {
   97   5                 OLED_SDIN_Clr();
   98   5                }
   99   4              else
  100   4                 OLED_SDIN_Set();       
  101   4            }
  102   3            else //正常显示
  103   3            {
  104   4              if(dat&0x80)
  105   4                {
  106   5                 OLED_SDIN_Set();
  107   5                }
  108   4              else
  109   4                 OLED_SDIN_Clr();       
  110   4            }
  111   3            
  112   3                OLED_SCLK_Set();
  113   3            dat<<=1;   
  114   3          }     
  115   2        }
  116   1      
  117   1        else // 命令
  118   1        {
  119   2          OLED_DC_Clr();  
  120   2          OLED_CS_Clr();  
  121   2      
  122   2          for(i=0;i<8;i++)
  123   2          {       
C251 COMPILER V5.60.0,  oled                                                               01/05/23  19:19:56  PAGE 3   

  124   3            OLED_SCLK_Clr();
  125   3            if(dat&0x80)
  126   3              {
  127   4               OLED_SDIN_Set();
  128   4              }
  129   3            else
  130   3               OLED_SDIN_Clr();
  131   3                OLED_SCLK_Set();
  132   3            dat<<=1;   
  133   3          }   
  134   2        
  135   2        }
  136   1          
  137   1      
  138   1        OLED_CS_Set();
  139   1        OLED_DC_Set();      
  140   1      } 
  141          #endif
  142            void OLED_Set_Pos(unsigned char x, unsigned char y) 
  143          { 
  144   1        OLED_WR_Byte(0xb0+y,OLED_CMD);
*** WARNING C188 IN LINE 144 OF ..\CODE\oled.c: 'parameter 1': value truncated
  145   1        OLED_WR_Byte(((x&0xf0)>>4)|0x10,OLED_CMD);
  146   1        OLED_WR_Byte((x&0x0f)|0x01,OLED_CMD); 
  147   1      }       
  148          //开启OLED显示    
  149          void OLED_Display_On(void)
  150          {
  151   1        OLED_WR_Byte(0X8D,OLED_CMD);  //SET DCDC命令
  152   1        OLED_WR_Byte(0X14,OLED_CMD);  //DCDC ON
  153   1        OLED_WR_Byte(0XAF,OLED_CMD);  //DISPLAY ON
  154   1      }
  155          //关闭OLED显示     
  156          void OLED_Display_Off(void)
  157          {
  158   1        OLED_WR_Byte(0X8D,OLED_CMD);  //SET DCDC命令
  159   1        OLED_WR_Byte(0X10,OLED_CMD);  //DCDC OFF
  160   1        OLED_WR_Byte(0XAE,OLED_CMD);  //DISPLAY OFF
  161   1      }            
  162          //清屏函数,清完屏,整个屏幕是黑色的!和没点亮一样!!!    
  163          void OLED_Clear(void)  
  164          {  
  165   1        u8 i,n;       
  166   1        for(i=0;i<8;i++)  
  167   1        {  
  168   2          OLED_WR_Byte (0xb0+i,OLED_CMD);    //设置页地址（0~7）
*** WARNING C188 IN LINE 168 OF ..\CODE\oled.c: 'parameter 1': value truncated
  169   2          OLED_WR_Byte (0x00,OLED_CMD);      //设置显示位置―列低地址
  170   2          OLED_WR_Byte (0x10,OLED_CMD);      //设置显示位置―列高地址   
  171   2          for(n=0;n<128;n++)OLED_WR_Byte(0,OLED_DATA); 
  172   2        } //更新显示
  173   1      }
  174          
  175          
  176          //在指定位置显示一个字符,包括部分字符
  177          //x:0~127
  178          //y:0~63
  179          //mode:0,反白显示;1,正常显示         
  180          //size:选择字体 16/12 
  181          void OLED_ShowChar(u8 x,u8 y,u8 chr)
  182          {       
  183   1        unsigned char c=0,i=0;  
  184   1          c=chr-' ';//得到偏移后的值      
  185   1          if(x>Max_Column-1){x=0;y=y+2;}
  186   1          if(SIZE ==16)
  187   1            {
C251 COMPILER V5.60.0,  oled                                                               01/05/23  19:19:56  PAGE 4   

  188   2            OLED_Set_Pos(x,y);  
  189   2            for(i=0;i<8;i++)
  190   2            OLED_WR_Byte(F8X16[c*16+i],OLED_DATA);
  191   2            OLED_Set_Pos(x,y+1);
*** WARNING C188 IN LINE 191 OF ..\CODE\oled.c: 'parameter 2': value truncated
  192   2            for(i=0;i<8;i++)
  193   2            OLED_WR_Byte(F8X16[c*16+i+8],OLED_DATA);
  194   2            }
  195   1            else {  
  196   2              OLED_Set_Pos(x,y+1);
*** WARNING C188 IN LINE 196 OF ..\CODE\oled.c: 'parameter 2': value truncated
  197   2              for(i=0;i<6;i++)
  198   2              OLED_WR_Byte(F6x8[c][i],OLED_DATA);
  199   2              
  200   2            }
  201   1      }
  202          //m^n函数
  203          u32 oled_pow(u8 m,u8 n)
  204          {
  205   1        u32 result=1;  
  206   1        while(n--)result*=m;    
  207   1        return result;
  208   1      }         
  209          //显示2个数字
  210          //x,y :起点坐标  
  211          //len :数字的位数
  212          //size:字体大小
  213          //mode:模式 0,填充模式;1,叠加模式
  214          //num:数值(0~4294967295);       
  215          void OLED_ShowNum(u8 x,u8 y,u32 num,u8 len,u8 size2)
  216          {           
  217   1        u8 t,temp;
  218   1        u8 enshow=0;               
  219   1        for(t=0;t<len;t++)
  220   1        {
  221   2          temp=(num/oled_pow(10,len-t-1))%10;
*** WARNING C188 IN LINE 221 OF ..\CODE\oled.c: 'parameter 2': value truncated
  222   2          if(enshow==0&&t<(len-1))
  223   2          {
  224   3            if(temp==0)
  225   3            {
  226   4              OLED_ShowChar(x+(size2/2)*t,y,' ');
*** WARNING C188 IN LINE 226 OF ..\CODE\oled.c: 'parameter 1': value truncated
  227   4              continue;
  228   4            }else enshow=1; 
  229   3             
  230   3          }
  231   2          OLED_ShowChar(x+(size2/2)*t,y,temp+'0'); 
*** WARNING C188 IN LINE 231 OF ..\CODE\oled.c: 'parameter 1': value truncated
*** WARNING C188 IN LINE 231 OF ..\CODE\oled.c: 'parameter 3': value truncated
  232   2        }
  233   1      } 
  234          //显示一个字符号串
  235          void OLED_ShowString(u8 x,u8 y,u8 *chr)
  236          {
  237   1        unsigned char j=0;
  238   1        while (chr[j]!='\0')
  239   1        {   OLED_ShowChar(x,y,chr[j]);
  240   2            x+=8;
  241   2          if(x>120){x=0;y+=2;}
  242   2            j++;
  243   2        }
  244   1      }
  245          //显示汉字
  246          void OLED_ShowCHinese(u8 x,u8 y,u8 no)
  247          {               
C251 COMPILER V5.60.0,  oled                                                               01/05/23  19:19:56  PAGE 5   

  248   1        u8 t,adder=0;
  249   1        OLED_Set_Pos(x,y);  
  250   1          for(t=0;t<16;t++)
  251   1          {
  252   2              OLED_WR_Byte(Hzk[2*no][t],OLED_DATA);
  253   2              adder+=1;
  254   2           }  
  255   1          OLED_Set_Pos(x,y+1);  
*** WARNING C188 IN LINE 255 OF ..\CODE\oled.c: 'parameter 2': value truncated
  256   1          for(t=0;t<16;t++)
  257   1            { 
  258   2              OLED_WR_Byte(Hzk[2*no+1][t],OLED_DATA);
  259   2              adder+=1;
  260   2            }         
  261   1      }
  262          /***********功能描述：显示显示BMP图片128×64起始点坐标(x,y),x的范围0～127，y为页的范围0～7***************
             -**/
  263          void OLED_DrawBMP(unsigned char x0, unsigned char y0,unsigned char x1, unsigned char y1,unsigned char BMP
             -[])
  264          {   
  265   1       unsigned int j=0;
  266   1       unsigned char x,y;
  267   1        
  268   1        if(y1%8==0) y=y1/8;      
*** WARNING C173 IN LINE 268 OF ..\CODE\oled.c: '==': signed/unsigned type mismatch
  269   1        else y=y1/8+1;
  270   1        for(y=y0;y<y1;y++)
  271   1        {
  272   2          OLED_Set_Pos(x0,y);
  273   2          for(x=x0;x<x1;x++)
  274   2            {      
  275   3              OLED_WR_Byte(BMP[j++],OLED_DATA);       
  276   3            }
  277   2        }
  278   1      } 
  279          
  280          
  281          //初始化SSD1306             
  282          void OLED_Init(void)
  283          {
  284   1       
  285   1      
  286   1       
  287   1        OLED_RST_Set();
  288   1        delay_ms(100);
  289   1        OLED_RST_Clr();
  290   1        delay_ms(100);
  291   1        OLED_RST_Set(); 
  292   1        /*          
  293   1        OLED_WR_Byte(0xAE,OLED_CMD);//--turn off oled panel
  294   1        OLED_WR_Byte(0x00,OLED_CMD);//---set low column address
  295   1        OLED_WR_Byte(0x10,OLED_CMD);//---set high column address
  296   1        OLED_WR_Byte(0x40,OLED_CMD);//--set start line address  Set Mapping RAM Display Start Line (0x00~0x3F)
  297   1        OLED_WR_Byte(0x81,OLED_CMD);//--set contrast control register
  298   1        OLED_WR_Byte(0xCF,OLED_CMD); // Set SEG Output Current Brightness
  299   1        OLED_WR_Byte(0xA1,OLED_CMD);//--Set SEG/Column Mapping     0xa0左右反置 0xa1正常
  300   1        OLED_WR_Byte(0xC8,OLED_CMD);//Set COM/Row Scan Direction   0xc0上下反置 0xc8正常
  301   1        OLED_WR_Byte(0xA6,OLED_CMD);//--set normal display
  302   1        OLED_WR_Byte(0xA8,OLED_CMD);//--set multiplex ratio(1 to 64)
  303   1        OLED_WR_Byte(0x3f,OLED_CMD);//--1/64 duty
  304   1        OLED_WR_Byte(0xD3,OLED_CMD);//-set display offset Shift Mapping RAM Counter (0x00~0x3F)
  305   1        OLED_WR_Byte(0x00,OLED_CMD);//-not offset
  306   1        OLED_WR_Byte(0xd5,OLED_CMD);//--set display clock divide ratio/oscillator frequency
  307   1        OLED_WR_Byte(0x80,OLED_CMD);//--set divide ratio, Set Clock as 100 Frames/Sec
  308   1        OLED_WR_Byte(0xD9,OLED_CMD);//--set pre-charge period
  309   1        OLED_WR_Byte(0xF1,OLED_CMD);//Set Pre-Charge as 15 Clocks & Discharge as 1 Clock
C251 COMPILER V5.60.0,  oled                                                               01/05/23  19:19:56  PAGE 6   

  310   1        OLED_WR_Byte(0xDA,OLED_CMD);//--set com pins hardware configuration
  311   1        OLED_WR_Byte(0x12,OLED_CMD);
  312   1        OLED_WR_Byte(0xDB,OLED_CMD);//--set vcomh
  313   1        OLED_WR_Byte(0x40,OLED_CMD);//Set VCOM Deselect Level
  314   1        OLED_WR_Byte(0x20,OLED_CMD);//-Set Page Addressing Mode (0x00/0x01/0x02)
  315   1        OLED_WR_Byte(0x02,OLED_CMD);//
  316   1        OLED_WR_Byte(0x8D,OLED_CMD);//--set Charge Pump enable/disable
  317   1        OLED_WR_Byte(0x14,OLED_CMD);//--set(0x10) disable
  318   1        OLED_WR_Byte(0xA4,OLED_CMD);// Disable Entire Display On (0xa4/0xa5)
  319   1        OLED_WR_Byte(0xA6,OLED_CMD);// Disable Inverse Display On (0xa6/a7) 
  320   1        OLED_WR_Byte(0xAF,OLED_CMD);//--turn on oled panel
  321   1        */
  322   1      
  323   1        OLED_WR_Byte(0xAE,OLED_CMD);//--turn off oled panel
  324   1        OLED_WR_Byte(0x00,OLED_CMD);//---set low column address
  325   1        OLED_WR_Byte(0x10,OLED_CMD);//---set high column address
  326   1        OLED_WR_Byte(0x40,OLED_CMD);//--set start line address  Set Mapping RAM Display Start Line (0x00~0x3F)
  327   1        OLED_WR_Byte(0x81,OLED_CMD);//--set contrast control register
  328   1        OLED_WR_Byte(0xCF,OLED_CMD); // Set SEG Output Current Brightness
  329   1        OLED_WR_Byte(0xA1,OLED_CMD);//--Set SEG/Column Mapping     0xa0左右反置 0xa1正常
  330   1        OLED_WR_Byte(0xC8,OLED_CMD);//Set COM/Row Scan Direction   0xc0上下反置 0xc8正常
  331   1        OLED_WR_Byte(0xA6,OLED_CMD);//--set normal display
  332   1        OLED_WR_Byte(0xA8,OLED_CMD);//--set multiplex ratio(1 to 64)
  333   1        OLED_WR_Byte(0x3f,OLED_CMD);//--1/64 duty
  334   1        OLED_WR_Byte(0xD3,OLED_CMD);//-set display offset Shift Mapping RAM Counter (0x00~0x3F)
  335   1        OLED_WR_Byte(0x00,OLED_CMD);//-not offset
  336   1        OLED_WR_Byte(0xd5,OLED_CMD);//--set display clock divide ratio/oscillator frequency
  337   1        OLED_WR_Byte(0x80,OLED_CMD);//--set divide ratio, Set Clock as 100 Frames/Sec
  338   1        OLED_WR_Byte(0xD9,OLED_CMD);//--set pre-charge period
  339   1        OLED_WR_Byte(0xF1,OLED_CMD);//Set Pre-Charge as 15 Clocks & Discharge as 1 Clock
  340   1        OLED_WR_Byte(0xDA,OLED_CMD);//--set com pins hardware configuration
  341   1        OLED_WR_Byte(0x12,OLED_CMD);
  342   1        OLED_WR_Byte(0xDB,OLED_CMD);//--set vcomh
  343   1        OLED_WR_Byte(0x40,OLED_CMD);//Set VCOM Deselect Level
  344   1        OLED_WR_Byte(0x20,OLED_CMD);//-Set Page Addressing Mode (0x00/0x01/0x02)
  345   1        OLED_WR_Byte(0x02,OLED_CMD);//
  346   1        OLED_WR_Byte(0x8D,OLED_CMD);//--set Charge Pump enable/disable
  347   1        OLED_WR_Byte(0x14,OLED_CMD);//--set(0x10) disable
  348   1        OLED_WR_Byte(0xA4,OLED_CMD);// Disable Entire Display On (0xa4/0xa5)
  349   1        OLED_WR_Byte(0xA6,OLED_CMD);// Disable Inverse Display On (0xa6/a7) 
  350   1        OLED_WR_Byte(0xAF,OLED_CMD);//--turn on oled panel
  351   1        
  352   1        OLED_WR_Byte(0xAF,OLED_CMD); /*display ON*/ 
  353   1        OLED_Clear();
  354   1        OLED_Set_Pos(0,0);  
  355   1      }  
  356          
*** WARNING C177 IN LINE 196 OF ..\CODE\oled.c: unreachable code
*** WARNING C177 IN LINE 198 OF ..\CODE\oled.c: unreachable code
*** WARNING C177 IN LINE 198 OF ..\CODE\oled.c: unreachable code
*** WARNING C177 IN LINE 198 OF ..\CODE\oled.c: unreachable code
*** WARNING C177 IN LINE 198 OF ..\CODE\oled.c: unreachable code
*** WARNING C177 IN LINE 198 OF ..\CODE\oled.c: unreachable code
*** WARNING C177 IN LINE 198 OF ..\CODE\oled.c: unreachable code
*** WARNING C177 IN LINE 198 OF ..\CODE\oled.c: unreachable code
*** WARNING C177 IN LINE 198 OF ..\CODE\oled.c: unreachable code
*** WARNING C177 IN LINE 198 OF ..\CODE\oled.c: unreachable code
*** WARNING C177 IN LINE 198 OF ..\CODE\oled.c: unreachable code
*** WARNING C177 IN LINE 198 OF ..\CODE\oled.c: unreachable code
*** WARNING C177 IN LINE 198 OF ..\CODE\oled.c: unreachable code
*** WARNING C177 IN LINE 198 OF ..\CODE\oled.c: unreachable code


Module Information          Static   Overlayable
------------------------------------------------
  code size            =      1136     ------
  ecode size           =    ------     ------
C251 COMPILER V5.60.0,  oled                                                               01/05/23  19:19:56  PAGE 7   

  data size            =    ------     ------
  idata size           =    ------     ------
  pdata size           =    ------     ------
  xdata size           =    ------     ------
  xdata-const size     =    ------     ------
  edata size           =       961         16
  bit size             =    ------     ------
  ebit size            =    ------     ------
  bitaddressable size  =    ------     ------
  ebitaddressable size =    ------     ------
  far data size        =    ------     ------
  huge data size       =    ------     ------
  const size           =    ------     ------
  hconst size          =      3041     ------
End of Module Information.


C251 COMPILATION COMPLETE.  24 WARNING(S),  0 ERROR(S)
