C251 COMPILER V5.60.0,  zf_device_dl1a                                                     18/03/23  21:20:46  PAGE 1   


C251 COMPILER V5.60.0, COMPILATION OF MODULE zf_device_dl1a
OBJECT MODULE PLACED IN .\Out_File\zf_device_dl1a.obj
COMPILER INVOKED BY: D:\Application\Keil_v5_ARM\C251\BIN\C251.EXE ..\CODE\zf_device_dl1a.c XSMALL INTR2 WARNINGLEVEL(3) 
                    -BROWSE INCDIR(..\..\Libraries\libraries;..\..\Libraries\seekfree_libraries;..\..\Libraries\seekfree_peripheral;..\CODE;.
                    -.\USER\inc;..\USER\src) DEBUG PRINT(.\Out_File\zf_device_dl1a.lst) TABS(2) OBJECT(.\Out_File\zf_device_dl1a.obj) 

stmt  level    source

    1          /********************************************************************************************************
             -*************
    2          * CH32V307VCT6 Opensourec Library å³ï¼ˆCH32V307VCT6 å¼€æºåº“ï¼‰æ˜¯ä¸€ä¸ªåŸºäºå®˜æ–¹ SDK æ¥å£çš„ç¬¬ä¸
             -‰æ–¹å¼€æºåº“
    3          * Copyright (c) 2022 SEEKFREE é€é£ç§‘æŠ€
    4          *
    5          * æœ¬æ–‡ä»¶æ˜¯CH32V307VCT6 å¼€æºåº“çš„ä¸€éƒ¨åˆ†
    6          *
    7          * CH32V307VCT6 å¼€æºåº“ æ˜¯å…è´¹è½¯ä»¶
    8          * æ‚¨å¯ä»¥æ ¹æ®è‡ªç”±è½¯ä»¶åŸºé‡‘ä¼šå‘å¸ƒçš„ GPLï¼ˆGNU General Public Licenseï¼Œå³ GNUé€šç”¨å…¬å…±è®¸
             -å¯è¯ï¼‰çš„æ¡æ¬¾
    9          * å³ GPL çš„ç¬¬3ç‰ˆï¼ˆå³ GPL3.0ï¼‰æˆ–ï¼ˆæ‚¨é€‰æ‹©çš„ï¼‰ä»»ä½•åæ¥çš„ç‰ˆæœ¬ï¼Œé‡æ–°å‘å¸ƒå’Œ/æˆ–ä¿®æ”
             -¹å®ƒ
   10          *
   11          * æœ¬å¼€æºåº“çš„å‘å¸ƒæ˜¯å¸Œæœ›å®ƒèƒ½å‘æŒ¥ä½œç”¨ï¼Œä½†å¹¶æœªå¯¹å…¶ä½œä»»ä½•çš„ä¿è¯
   12          * ç”šè‡³æ²¡æœ‰éšå«çš„é€‚é”€æ€§æˆ–é€‚åˆç‰¹å®šç”¨é€”çš„ä¿è¯
   13          * æ›´å¤šç»†èŠ‚è¯·å‚è§ GPL
   14          *
   15          * æ‚¨åº”è¯¥åœ¨æ”¶åˆ°æœ¬å¼€æºåº“çš„åŒæ—¶æ”¶åˆ°ä¸€ä»½ GPL çš„å‰¯æœ¬
   16          * å¦‚æœæ²¡æœ‰ï¼Œè¯·å‚é˜…<https://www.gnu.org/licenses/>
   17          *
   18          * é¢å¤–æ³¨æ˜ï¼š
   19          * æœ¬å¼€æºåº“ä½¿ç”¨ GPL3.0 å¼€æºè®¸å¯è¯åè®® ä»¥ä¸Šè®¸å¯ç”³æ˜ä¸ºè¯‘æ–‡ç‰ˆæœ¬
   20          * è®¸å¯ç”³æ˜è‹±æ–‡ç‰ˆåœ¨ libraries/doc æ–‡ä»¶å¤¹ä¸‹çš„ GPL3_permission_statement.txt æ–‡ä»¶ä¸­
   21          * è®¸å¯è¯å‰¯æœ¬åœ¨ libraries æ–‡ä»¶å¤¹ä¸‹ å³è¯¥æ–‡ä»¶å¤¹ä¸‹çš„ LICENSE æ–‡ä»¶
   22          * æ¬¢è¿å„ä½ä½¿ç”¨å¹¶ä¼ æ’­æœ¬ç¨‹åº ä½†ä¿®æ”¹å†…å®¹æ—¶å¿…é¡»ä¿ç•™é€é£ç§‘æŠ€çš„ç‰ˆæƒå£°æ˜ï¼ˆå³æœ¬
             -å£°æ˜ï¼‰
   23          *
   24          * æ–‡ä»¶åç§°          zf_device_dl1a
   25          * å…¬å¸åç§°          æˆéƒ½é€é£ç§‘æŠ€æœ‰é™å…¬å¸
   26          * ç‰ˆæœ¬ä¿¡æ¯          æŸ¥çœ‹ libraries/doc æ–‡ä»¶å¤¹å†… version æ–‡ä»¶ ç‰ˆæœ¬è¯´æ˜
   27          * å¼€å‘ç¯å¢ƒ          MounRiver Studio V1.8.1
   28          * é€‚ç”¨å¹³å°          CH32V307VCT6
   29          * åº—é“ºé“¾æ¥          https://seekfree.taobao.com/
   30          *
   31          * ä¿®æ”¹è®°å½•
   32          * æ—¥æœŸ                                      ä½œè€…                             å¤‡æ³¨
   33          * 2023-03-18        å¤§W            first version
   34          *********************************************************************************************************
             -***********/
   35          /********************************************************************************************************
             -*************
   36          * æ¥çº¿å®šä¹‰ï¼š
   37          *                   ------------------------------------
   38          *                   æ¨¡å—ç®¡è„š            å•ç‰‡æœºç®¡è„š
   39          *                   SCL                 æŸ¥çœ‹ zf_device_dl1a.h ä¸­ DL1A_SCL_PIN  å®å®šä¹‰
   40          *                   SDA                 æŸ¥çœ‹ zf_device_dl1a.h ä¸­ DL1A_SDA_PIN  å®å®šä¹‰
   41          *                   XS                  æŸ¥çœ‹ zf_device_dl1a.h ä¸­ DL1A_XS_PIN  å®å®šä¹‰
   42          *                   VCC                 5V ç”µæº
   43          *                   GND                 ç”µæºåœ°
   44          *                   ------------------------------------
   45          *********************************************************************************************************
             -***********/
   46          
   47          #include "zf_common_debug.h"
*** ERROR C318 IN LINE 47 OF ..\CODE\zf_device_dl1a.c: can't open file 'zf_common_debug.h'
   48          #include "zf_driver_delay.h"
C251 COMPILER V5.60.0,  zf_device_dl1a                                                     18/03/23  21:20:46  PAGE 2   

*** ERROR C318 IN LINE 48 OF ..\CODE\zf_device_dl1a.c: can't open file 'zf_driver_delay.h'
   49          #include "zf_driver_soft_iic.h"
*** ERROR C318 IN LINE 49 OF ..\CODE\zf_device_dl1a.c: can't open file 'zf_driver_soft_iic.h'
   50          #include "zf_device_dl1a.h"
*** ERROR C318 IN LINE 51 OF ..\CODE\zf_device_dl1a.h: can't open file 'zf_common_typedef.h'
*** ERROR C25 IN LINE 176 OF ..\CODE\zf_device_dl1a.h: syntax error near 'uint8'
*** WARNING C34 IN LINE 176 OF ..\CODE\zf_device_dl1a.h: 'tcc': missing declaration specifiers
*** ERROR C42 IN LINE 176 OF ..\CODE\zf_device_dl1a.h: 'tcc': not in formal parameter list
*** WARNING C34 IN LINE 177 OF ..\CODE\zf_device_dl1a.h: 'uint8': missing declaration specifiers
*** ERROR C42 IN LINE 177 OF ..\CODE\zf_device_dl1a.h: 'uint8': not in formal parameter list
*** ERROR C25 IN LINE 177 OF ..\CODE\zf_device_dl1a.h: syntax error near 'msrc'
*** WARNING C34 IN LINE 177 OF ..\CODE\zf_device_dl1a.h: 'msrc': missing declaration specifiers
*** ERROR C42 IN LINE 177 OF ..\CODE\zf_device_dl1a.h: 'msrc': not in formal parameter list
*** WARNING C34 IN LINE 178 OF ..\CODE\zf_device_dl1a.h: 'uint8': missing declaration specifiers
*** ERROR C42 IN LINE 178 OF ..\CODE\zf_device_dl1a.h: 'uint8': not in formal parameter list
*** ERROR C25 IN LINE 178 OF ..\CODE\zf_device_dl1a.h: syntax error near 'dss'
*** WARNING C34 IN LINE 178 OF ..\CODE\zf_device_dl1a.h: 'dss': missing declaration specifiers
*** ERROR C42 IN LINE 178 OF ..\CODE\zf_device_dl1a.h: 'dss': not in formal parameter list
*** WARNING C34 IN LINE 179 OF ..\CODE\zf_device_dl1a.h: 'uint8': missing declaration specifiers
*** ERROR C42 IN LINE 179 OF ..\CODE\zf_device_dl1a.h: 'uint8': not in formal parameter list
*** ERROR C25 IN LINE 179 OF ..\CODE\zf_device_dl1a.h: syntax error near 'pre_range'
*** WARNING C34 IN LINE 179 OF ..\CODE\zf_device_dl1a.h: 'pre_range': missing declaration specifiers
*** ERROR C42 IN LINE 179 OF ..\CODE\zf_device_dl1a.h: 'pre_range': not in formal parameter list
*** WARNING C34 IN LINE 180 OF ..\CODE\zf_device_dl1a.h: 'uint8': missing declaration specifiers
*** ERROR C42 IN LINE 180 OF ..\CODE\zf_device_dl1a.h: 'uint8': not in formal parameter list
*** ERROR C25 IN LINE 180 OF ..\CODE\zf_device_dl1a.h: syntax error near 'final_range'
*** WARNING C34 IN LINE 180 OF ..\CODE\zf_device_dl1a.h: 'final_range': missing declaration specifiers
*** ERROR C42 IN LINE 180 OF ..\CODE\zf_device_dl1a.h: 'final_range': not in formal parameter list
*** ERROR C25 IN LINE 181 OF ..\CODE\zf_device_dl1a.h: syntax error near '}'
*** WARNING C34 IN LINE 181 OF ..\CODE\zf_device_dl1a.h: 'dl1a_sequence_enables_step_struct': missing declaration specif
             -iers
*** ERROR C25 IN LINE 185 OF ..\CODE\zf_device_dl1a.h: syntax error near 'uint16'
*** WARNING C34 IN LINE 185 OF ..\CODE\zf_device_dl1a.h: 'pre_range_vcsel_period_pclks': missing declaration specifiers
*** ERROR C42 IN LINE 185 OF ..\CODE\zf_device_dl1a.h: 'pre_range_vcsel_period_pclks': not in formal parameter list
*** WARNING C34 IN LINE 186 OF ..\CODE\zf_device_dl1a.h: 'uint16': missing declaration specifiers
*** ERROR C42 IN LINE 186 OF ..\CODE\zf_device_dl1a.h: 'uint16': not in formal parameter list
*** ERROR C25 IN LINE 186 OF ..\CODE\zf_device_dl1a.h: syntax error near 'final_range_vcsel_period_pclks'
*** WARNING C34 IN LINE 186 OF ..\CODE\zf_device_dl1a.h: 'final_range_vcsel_period_pclks': missing declaration specifier
             -s
*** ERROR C42 IN LINE 186 OF ..\CODE\zf_device_dl1a.h: 'final_range_vcsel_period_pclks': not in formal parameter list
*** WARNING C34 IN LINE 188 OF ..\CODE\zf_device_dl1a.h: 'uint16': missing declaration specifiers
*** ERROR C42 IN LINE 188 OF ..\CODE\zf_device_dl1a.h: 'uint16': not in formal parameter list
*** ERROR C25 IN LINE 188 OF ..\CODE\zf_device_dl1a.h: syntax error near 'msrc_dss_tcc_mclks'
*** WARNING C34 IN LINE 188 OF ..\CODE\zf_device_dl1a.h: 'msrc_dss_tcc_mclks': missing declaration specifiers
*** ERROR C42 IN LINE 188 OF ..\CODE\zf_device_dl1a.h: 'msrc_dss_tcc_mclks': not in formal parameter list
*** WARNING C34 IN LINE 189 OF ..\CODE\zf_device_dl1a.h: 'uint16': missing declaration specifiers
*** ERROR C42 IN LINE 189 OF ..\CODE\zf_device_dl1a.h: 'uint16': not in formal parameter list
*** ERROR C25 IN LINE 189 OF ..\CODE\zf_device_dl1a.h: syntax error near 'pre_range_mclks'
*** WARNING C34 IN LINE 189 OF ..\CODE\zf_device_dl1a.h: 'pre_range_mclks': missing declaration specifiers
*** ERROR C42 IN LINE 189 OF ..\CODE\zf_device_dl1a.h: 'pre_range_mclks': not in formal parameter list
*** WARNING C34 IN LINE 190 OF ..\CODE\zf_device_dl1a.h: 'uint16': missing declaration specifiers
*** ERROR C42 IN LINE 190 OF ..\CODE\zf_device_dl1a.h: 'uint16': not in formal parameter list
*** ERROR C25 IN LINE 190 OF ..\CODE\zf_device_dl1a.h: syntax error near 'final_range_mclks'
*** ERROR C7 IN LINE 190 OF ..\CODE\zf_device_dl1a.h: compilation aborted

C251 COMPILATION COMPLETE.  18 WARNING(S),  33 ERROR(S)
